2019-05-17 15:41:23 下午 [Thread: main][ Class:org.springframework.core.env.StandardEnvironment >> Method: org.springframework.core.env.MutablePropertySources.addLast(MutablePropertySources.java:109) ]
DEBUG:Adding [systemProperties] PropertySource with lowest search precedence
2019-05-17 15:41:23 下午 [Thread: main][ Class:org.springframework.core.env.StandardEnvironment >> Method: org.springframework.core.env.MutablePropertySources.addLast(MutablePropertySources.java:109) ]
DEBUG:Adding [systemEnvironment] PropertySource with lowest search precedence
2019-05-17 15:41:23 下午 [Thread: main][ Class:org.springframework.core.env.StandardEnvironment >> Method: org.springframework.core.env.AbstractEnvironment.<init>(AbstractEnvironment.java:124) ]
DEBUG:Initialized StandardEnvironment with PropertySources [systemProperties,systemEnvironment]
2019-05-17 15:41:23 下午 [Thread: main][ Class:org.springframework.context.support.ClassPathXmlApplicationContext >> Method: org.springframework.context.support.AbstractApplicationContext.prepareRefresh(AbstractApplicationContext.java:582) ]
INFO:Refreshing org.springframework.context.support.ClassPathXmlApplicationContext@2f490758: startup date [Fri May 17 15:41:23 CST 2019]; root of context hierarchy
2019-05-17 15:41:24 下午 [Thread: main][ Class:org.springframework.core.env.StandardEnvironment >> Method: org.springframework.core.env.MutablePropertySources.addLast(MutablePropertySources.java:109) ]
DEBUG:Adding [systemProperties] PropertySource with lowest search precedence
2019-05-17 15:41:24 下午 [Thread: main][ Class:org.springframework.core.env.StandardEnvironment >> Method: org.springframework.core.env.MutablePropertySources.addLast(MutablePropertySources.java:109) ]
DEBUG:Adding [systemEnvironment] PropertySource with lowest search precedence
2019-05-17 15:41:24 下午 [Thread: main][ Class:org.springframework.core.env.StandardEnvironment >> Method: org.springframework.core.env.AbstractEnvironment.<init>(AbstractEnvironment.java:124) ]
DEBUG:Initialized StandardEnvironment with PropertySources [systemProperties,systemEnvironment]
2019-05-17 15:41:24 下午 [Thread: main][ Class:org.springframework.beans.factory.xml.XmlBeanDefinitionReader >> Method: org.springframework.beans.factory.xml.XmlBeanDefinitionReader.loadBeanDefinitions(XmlBeanDefinitionReader.java:317) ]
INFO:Loading XML bean definitions from class path resource [annotationApplication.xml]
2019-05-17 15:41:24 下午 [Thread: main][ Class:org.springframework.beans.factory.xml.DefaultDocumentLoader >> Method: org.springframework.beans.factory.xml.DefaultDocumentLoader.loadDocument(DefaultDocumentLoader.java:73) ]
DEBUG:Using JAXP provider [com.sun.org.apache.xerces.internal.jaxp.DocumentBuilderFactoryImpl]
2019-05-17 15:41:24 下午 [Thread: main][ Class:org.springframework.beans.factory.xml.PluggableSchemaResolver >> Method: org.springframework.beans.factory.xml.PluggableSchemaResolver.getSchemaMappings(PluggableSchemaResolver.java:141) ]
DEBUG:Loading schema mappings from [META-INF/spring.schemas]
2019-05-17 15:41:24 下午 [Thread: main][ Class:org.springframework.beans.factory.xml.PluggableSchemaResolver >> Method: org.springframework.beans.factory.xml.PluggableSchemaResolver.getSchemaMappings(PluggableSchemaResolver.java:147) ]
DEBUG:Loaded schema mappings: {http://www.springframework.org/schema/cache/spring-cache-4.2.xsd=org/springframework/cache/config/spring-cache-4.2.xsd, http://www.springframework.org/schema/aop/spring-aop-4.1.xsd=org/springframework/aop/config/spring-aop-4.1.xsd, http://www.springframework.org/schema/context/spring-context-3.1.xsd=org/springframework/context/config/spring-context-3.1.xsd, http://www.springframework.org/schema/util/spring-util-3.0.xsd=org/springframework/beans/factory/xml/spring-util-3.0.xsd, http://www.springframework.org/schema/aop/spring-aop-3.2.xsd=org/springframework/aop/config/spring-aop-3.2.xsd, http://www.springframework.org/schema/tool/spring-tool.xsd=org/springframework/beans/factory/xml/spring-tool-4.3.xsd, http://www.springframework.org/schema/lang/spring-lang-4.1.xsd=org/springframework/scripting/config/spring-lang-4.1.xsd, http://www.springframework.org/schema/context/spring-context-4.0.xsd=org/springframework/context/config/spring-context-4.0.xsd, http://www.springframework.org/schema/beans/spring-beans-4.2.xsd=org/springframework/beans/factory/xml/spring-beans-4.2.xsd, http://www.springframework.org/schema/tool/spring-tool-4.1.xsd=org/springframework/beans/factory/xml/spring-tool-4.1.xsd, http://www.springframework.org/schema/lang/spring-lang-3.2.xsd=org/springframework/scripting/config/spring-lang-3.2.xsd, http://www.springframework.org/schema/cache/spring-cache-3.2.xsd=org/springframework/cache/config/spring-cache-3.2.xsd, http://www.springframework.org/schema/jee/spring-jee-4.1.xsd=org/springframework/ejb/config/spring-jee-4.1.xsd, http://www.springframework.org/schema/util/spring-util-2.0.xsd=org/springframework/beans/factory/xml/spring-util-2.0.xsd, http://www.springframework.org/schema/task/spring-task-4.2.xsd=org/springframework/scheduling/config/spring-task-4.2.xsd, http://www.springframework.org/schema/tool/spring-tool-3.2.xsd=org/springframework/beans/factory/xml/spring-tool-3.2.xsd, http://www.springframework.org/schema/context/spring-context.xsd=org/springframework/context/config/spring-context-4.3.xsd, http://www.springframework.org/schema/cache/spring-cache-4.1.xsd=org/springframework/cache/config/spring-cache-4.1.xsd, http://www.springframework.org/schema/aop/spring-aop-4.0.xsd=org/springframework/aop/config/spring-aop-4.0.xsd, http://www.springframework.org/schema/jee/spring-jee-3.2.xsd=org/springframework/ejb/config/spring-jee-3.2.xsd, http://www.springframework.org/schema/context/spring-context-3.0.xsd=org/springframework/context/config/spring-context-3.0.xsd, http://www.springframework.org/schema/util/spring-util-2.5.xsd=org/springframework/beans/factory/xml/spring-util-2.5.xsd, http://www.springframework.org/schema/util/spring-util-4.3.xsd=org/springframework/beans/factory/xml/spring-util-4.3.xsd, http://www.springframework.org/schema/beans/spring-beans-3.2.xsd=org/springframework/beans/factory/xml/spring-beans-3.2.xsd, http://www.springframework.org/schema/aop/spring-aop-3.1.xsd=org/springframework/aop/config/spring-aop-3.1.xsd, http://www.springframework.org/schema/lang/spring-lang-4.0.xsd=org/springframework/scripting/config/spring-lang-4.0.xsd, http://www.springframework.org/schema/beans/spring-beans-4.1.xsd=org/springframework/beans/factory/xml/spring-beans-4.1.xsd, http://www.springframework.org/schema/tool/spring-tool-4.0.xsd=org/springframework/beans/factory/xml/spring-tool-4.0.xsd, http://www.springframework.org/schema/lang/spring-lang-3.1.xsd=org/springframework/scripting/config/spring-lang-3.1.xsd, http://www.springframework.org/schema/cache/spring-cache-3.1.xsd=org/springframework/cache/config/spring-cache-3.1.xsd, http://www.springframework.org/schema/jee/spring-jee-4.0.xsd=org/springframework/ejb/config/spring-jee-4.0.xsd, http://www.springframework.org/schema/task/spring-task-4.1.xsd=org/springframework/scheduling/config/spring-task-4.1.xsd, http://www.springframework.org/schema/tool/spring-tool-3.1.xsd=org/springframework/beans/factory/xml/spring-tool-3.1.xsd, http://www.springframework.org/schema/cache/spring-cache-4.0.xsd=org/springframework/cache/config/spring-cache-4.0.xsd, http://www.springframework.org/schema/jee/spring-jee-3.1.xsd=org/springframework/ejb/config/spring-jee-3.1.xsd, http://www.springframework.org/schema/task/spring-task-3.2.xsd=org/springframework/scheduling/config/spring-task-3.2.xsd, http://www.springframework.org/schema/util/spring-util-4.2.xsd=org/springframework/beans/factory/xml/spring-util-4.2.xsd, http://www.springframework.org/schema/beans/spring-beans-3.1.xsd=org/springframework/beans/factory/xml/spring-beans-3.1.xsd, http://www.springframework.org/schema/util/spring-util.xsd=org/springframework/beans/factory/xml/spring-util-4.3.xsd, http://www.springframework.org/schema/aop/spring-aop-3.0.xsd=org/springframework/aop/config/spring-aop-3.0.xsd, http://www.springframework.org/schema/beans/spring-beans-4.0.xsd=org/springframework/beans/factory/xml/spring-beans-4.0.xsd, http://www.springframework.org/schema/beans/spring-beans.xsd=org/springframework/beans/factory/xml/spring-beans-4.3.xsd, http://www.springframework.org/schema/lang/spring-lang-3.0.xsd=org/springframework/scripting/config/spring-lang-3.0.xsd, http://www.springframework.org/schema/context/spring-context-2.5.xsd=org/springframework/context/config/spring-context-2.5.xsd, http://www.springframework.org/schema/context/spring-context-4.3.xsd=org/springframework/context/config/spring-context-4.3.xsd, http://www.springframework.org/schema/task/spring-task-4.0.xsd=org/springframework/scheduling/config/spring-task-4.0.xsd, http://www.springframework.org/schema/tool/spring-tool-3.0.xsd=org/springframework/beans/factory/xml/spring-tool-3.0.xsd, http://www.springframework.org/schema/aop/spring-aop-2.0.xsd=org/springframework/aop/config/spring-aop-2.0.xsd, http://www.springframework.org/schema/jee/spring-jee-3.0.xsd=org/springframework/ejb/config/spring-jee-3.0.xsd, http://www.springframework.org/schema/util/spring-util-4.1.xsd=org/springframework/beans/factory/xml/spring-util-4.1.xsd, http://www.springframework.org/schema/task/spring-task-3.1.xsd=org/springframework/scheduling/config/spring-task-3.1.xsd, http://www.springframework.org/schema/beans/spring-beans-3.0.xsd=org/springframework/beans/factory/xml/spring-beans-3.0.xsd, http://www.springframework.org/schema/jee/spring-jee.xsd=org/springframework/ejb/config/spring-jee-4.3.xsd, http://www.springframework.org/schema/aop/spring-aop-4.3.xsd=org/springframework/aop/config/spring-aop-4.3.xsd, http://www.springframework.org/schema/aop/spring-aop-2.5.xsd=org/springframework/aop/config/spring-aop-2.5.xsd, http://www.springframework.org/schema/lang/spring-lang-2.0.xsd=org/springframework/scripting/config/spring-lang-2.0.xsd, http://www.springframework.org/schema/util/spring-util-3.2.xsd=org/springframework/beans/factory/xml/spring-util-3.2.xsd, http://www.springframework.org/schema/task/spring-task.xsd=org/springframework/scheduling/config/spring-task-4.3.xsd, http://www.springframework.org/schema/tool/spring-tool-2.0.xsd=org/springframework/beans/factory/xml/spring-tool-2.0.xsd, http://www.springframework.org/schema/lang/spring-lang-2.5.xsd=org/springframework/scripting/config/spring-lang-2.5.xsd, http://www.springframework.org/schema/lang/spring-lang-4.3.xsd=org/springframework/scripting/config/spring-lang-4.3.xsd, http://www.springframework.org/schema/context/spring-context-4.2.xsd=org/springframework/context/config/spring-context-4.2.xsd, http://www.springframework.org/schema/jee/spring-jee-2.0.xsd=org/springframework/ejb/config/spring-jee-2.0.xsd, http://www.springframework.org/schema/tool/spring-tool-4.3.xsd=org/springframework/beans/factory/xml/spring-tool-4.3.xsd, http://www.springframework.org/schema/tool/spring-tool-2.5.xsd=org/springframework/beans/factory/xml/spring-tool-2.5.xsd, http://www.springframework.org/schema/jee/spring-jee-4.3.xsd=org/springframework/ejb/config/spring-jee-4.3.xsd, http://www.springframework.org/schema/jee/spring-jee-2.5.xsd=org/springframework/ejb/config/spring-jee-2.5.xsd, http://www.springframework.org/schema/util/spring-util-4.0.xsd=org/springframework/beans/factory/xml/spring-util-4.0.xsd, http://www.springframework.org/schema/task/spring-task-3.0.xsd=org/springframework/scheduling/config/spring-task-3.0.xsd, http://www.springframework.org/schema/cache/spring-cache-4.3.xsd=org/springframework/cache/config/spring-cache-4.3.xsd, http://www.springframework.org/schema/aop/spring-aop-4.2.xsd=org/springframework/aop/config/spring-aop-4.2.xsd, http://www.springframework.org/schema/lang/spring-lang.xsd=org/springframework/scripting/config/spring-lang-4.3.xsd, http://www.springframework.org/schema/context/spring-context-3.2.xsd=org/springframework/context/config/spring-context-3.2.xsd, http://www.springframework.org/schema/util/spring-util-3.1.xsd=org/springframework/beans/factory/xml/spring-util-3.1.xsd, http://www.springframework.org/schema/beans/spring-beans-2.0.xsd=org/springframework/beans/factory/xml/spring-beans-2.0.xsd, http://www.springframework.org/schema/cache/spring-cache.xsd=org/springframework/cache/config/spring-cache-4.3.xsd, http://www.springframework.org/schema/lang/spring-lang-4.2.xsd=org/springframework/scripting/config/spring-lang-4.2.xsd, http://www.springframework.org/schema/context/spring-context-4.1.xsd=org/springframework/context/config/spring-context-4.1.xsd, http://www.springframework.org/schema/beans/spring-beans-2.5.xsd=org/springframework/beans/factory/xml/spring-beans-2.5.xsd, http://www.springframework.org/schema/beans/spring-beans-4.3.xsd=org/springframework/beans/factory/xml/spring-beans-4.3.xsd, http://www.springframework.org/schema/tool/spring-tool-4.2.xsd=org/springframework/beans/factory/xml/spring-tool-4.2.xsd, http://www.springframework.org/schema/jee/spring-jee-4.2.xsd=org/springframework/ejb/config/spring-jee-4.2.xsd, http://www.springframework.org/schema/aop/spring-aop.xsd=org/springframework/aop/config/spring-aop-4.3.xsd, http://www.springframework.org/schema/task/spring-task-4.3.xsd=org/springframework/scheduling/config/spring-task-4.3.xsd}
2019-05-17 15:41:24 下午 [Thread: main][ Class:org.springframework.beans.factory.xml.PluggableSchemaResolver >> Method: org.springframework.beans.factory.xml.PluggableSchemaResolver.resolveEntity(PluggableSchemaResolver.java:119) ]
DEBUG:Found XML schema [http://www.springframework.org/schema/beans/spring-beans.xsd] in classpath: org/springframework/beans/factory/xml/spring-beans-4.3.xsd
2019-05-17 15:41:24 下午 [Thread: main][ Class:org.springframework.beans.factory.xml.PluggableSchemaResolver >> Method: org.springframework.beans.factory.xml.PluggableSchemaResolver.resolveEntity(PluggableSchemaResolver.java:119) ]
DEBUG:Found XML schema [http://www.springframework.org/schema/context/spring-context.xsd] in classpath: org/springframework/context/config/spring-context-4.3.xsd
2019-05-17 15:41:24 下午 [Thread: main][ Class:org.springframework.beans.factory.xml.PluggableSchemaResolver >> Method: org.springframework.beans.factory.xml.PluggableSchemaResolver.resolveEntity(PluggableSchemaResolver.java:119) ]
DEBUG:Found XML schema [http://www.springframework.org/schema/tool/spring-tool-4.3.xsd] in classpath: org/springframework/beans/factory/xml/spring-tool-4.3.xsd
2019-05-17 15:41:24 下午 [Thread: main][ Class:org.springframework.beans.factory.xml.DefaultBeanDefinitionDocumentReader >> Method: org.springframework.beans.factory.xml.DefaultBeanDefinitionDocumentReader.registerBeanDefinitions(DefaultBeanDefinitionDocumentReader.java:92) ]
DEBUG:Loading bean definitions
2019-05-17 15:41:24 下午 [Thread: main][ Class:org.springframework.beans.factory.xml.DefaultNamespaceHandlerResolver >> Method: org.springframework.beans.factory.xml.DefaultNamespaceHandlerResolver.getHandlerMappings(DefaultNamespaceHandlerResolver.java:157) ]
DEBUG:Loaded NamespaceHandler mappings: {http://www.springframework.org/schema/p=org.springframework.beans.factory.xml.SimplePropertyNamespaceHandler, http://www.springframework.org/schema/util=org.springframework.beans.factory.xml.UtilNamespaceHandler, http://www.springframework.org/schema/jee=org.springframework.ejb.config.JeeNamespaceHandler, http://www.springframework.org/schema/aop=org.springframework.aop.config.AopNamespaceHandler, http://www.springframework.org/schema/cache=org.springframework.cache.config.CacheNamespaceHandler, http://www.springframework.org/schema/c=org.springframework.beans.factory.xml.SimpleConstructorNamespaceHandler, http://www.springframework.org/schema/task=org.springframework.scheduling.config.TaskNamespaceHandler, http://www.springframework.org/schema/lang=org.springframework.scripting.config.LangNamespaceHandler, http://www.springframework.org/schema/context=org.springframework.context.config.ContextNamespaceHandler}
2019-05-17 15:41:24 下午 [Thread: main][ Class:org.springframework.core.io.support.PathMatchingResourcePatternResolver >> Method: org.springframework.core.io.support.PathMatchingResourcePatternResolver.findAllClassPathResources(PathMatchingResourcePatternResolver.java:317) ]
DEBUG:Resolved classpath location [com/ssm/annotation/] to resources [URL [file:/D:/project/myself/target/classes/com/ssm/annotation/]]
2019-05-17 15:41:24 下午 [Thread: main][ Class:org.springframework.core.io.support.PathMatchingResourcePatternResolver >> Method: org.springframework.core.io.support.PathMatchingResourcePatternResolver.doFindMatchingFileSystemResources(PathMatchingResourcePatternResolver.java:709) ]
DEBUG:Looking for matching resources in directory tree [D:\project\myself\target\classes\com\ssm\annotation]
2019-05-17 15:41:24 下午 [Thread: main][ Class:org.springframework.core.io.support.PathMatchingResourcePatternResolver >> Method: org.springframework.core.io.support.PathMatchingResourcePatternResolver.doRetrieveMatchingFiles(PathMatchingResourcePatternResolver.java:771) ]
DEBUG:Searching directory [D:\project\myself\target\classes\com\ssm\annotation] for files matching pattern [D:/project/myself/target/classes/com/ssm/annotation/**/*.class]
2019-05-17 15:41:24 下午 [Thread: main][ Class:org.springframework.core.io.support.PathMatchingResourcePatternResolver >> Method: org.springframework.core.io.support.PathMatchingResourcePatternResolver.findPathMatchingResources(PathMatchingResourcePatternResolver.java:481) ]
DEBUG:Resolved location pattern [classpath*:com/ssm/annotation/**/*.class] to resources [file [D:\project\myself\target\classes\com\ssm\annotation\Manger.class], file [D:\project\myself\target\classes\com\ssm\annotation\UserDo.class], file [D:\project\myself\target\classes\com\ssm\annotation\UserDoController.class], file [D:\project\myself\target\classes\com\ssm\annotation\UserDoImpl.class], file [D:\project\myself\target\classes\com\ssm\annotation\UserDoService.class], file [D:\project\myself\target\classes\com\ssm\annotation\UserDoServiceImpl.class]]
2019-05-17 15:41:25 下午 [Thread: main][ Class:org.springframework.context.annotation.ClassPathBeanDefinitionScanner >> Method: org.springframework.context.annotation.ClassPathScanningCandidateComponentProvider.findCandidateComponents(ClassPathScanningCandidateComponentProvider.java:294) ]
DEBUG:Identified candidate component class: file [D:\project\myself\target\classes\com\ssm\annotation\UserDoController.class]
2019-05-17 15:41:25 下午 [Thread: main][ Class:org.springframework.context.annotation.ClassPathBeanDefinitionScanner >> Method: org.springframework.context.annotation.ClassPathScanningCandidateComponentProvider.findCandidateComponents(ClassPathScanningCandidateComponentProvider.java:294) ]
DEBUG:Identified candidate component class: file [D:\project\myself\target\classes\com\ssm\annotation\UserDoImpl.class]
2019-05-17 15:41:25 下午 [Thread: main][ Class:org.springframework.context.annotation.ClassPathBeanDefinitionScanner >> Method: org.springframework.context.annotation.ClassPathScanningCandidateComponentProvider.findCandidateComponents(ClassPathScanningCandidateComponentProvider.java:294) ]
DEBUG:Identified candidate component class: file [D:\project\myself\target\classes\com\ssm\annotation\UserDoServiceImpl.class]
2019-05-17 15:41:25 下午 [Thread: main][ Class:org.springframework.beans.factory.xml.XmlBeanDefinitionReader >> Method: org.springframework.beans.factory.support.AbstractBeanDefinitionReader.loadBeanDefinitions(AbstractBeanDefinitionReader.java:224) ]
DEBUG:Loaded 9 bean definitions from location pattern [annotationApplication.xml]
2019-05-17 15:41:25 下午 [Thread: main][ Class:org.springframework.context.support.ClassPathXmlApplicationContext >> Method: org.springframework.context.support.AbstractApplicationContext.obtainFreshBeanFactory(AbstractApplicationContext.java:616) ]
DEBUG:Bean factory for org.springframework.context.support.ClassPathXmlApplicationContext@2f490758: org.springframework.beans.factory.support.DefaultListableBeanFactory@795cd85e: defining beans [org.springframework.context.annotation.internalConfigurationAnnotationProcessor,org.springframework.context.annotation.internalAutowiredAnnotationProcessor,org.springframework.context.annotation.internalRequiredAnnotationProcessor,org.springframework.context.annotation.internalCommonAnnotationProcessor,org.springframework.context.event.internalEventListenerProcessor,org.springframework.context.event.internalEventListenerFactory,userDoController,userDo,userDoService]; root of factory hierarchy
2019-05-17 15:41:25 下午 [Thread: main][ Class:org.springframework.beans.factory.support.DefaultListableBeanFactory >> Method: org.springframework.beans.factory.support.DefaultSingletonBeanRegistry.getSingleton(DefaultSingletonBeanRegistry.java:221) ]
DEBUG:Creating shared instance of singleton bean 'org.springframework.context.annotation.internalConfigurationAnnotationProcessor'
2019-05-17 15:41:25 下午 [Thread: main][ Class:org.springframework.beans.factory.support.DefaultListableBeanFactory >> Method: org.springframework.beans.factory.support.AbstractAutowireCapableBeanFactory.createBean(AbstractAutowireCapableBeanFactory.java:449) ]
DEBUG:Creating instance of bean 'org.springframework.context.annotation.internalConfigurationAnnotationProcessor'
2019-05-17 15:41:25 下午 [Thread: main][ Class:org.springframework.beans.factory.support.DefaultListableBeanFactory >> Method: org.springframework.beans.factory.support.AbstractAutowireCapableBeanFactory.doCreateBean(AbstractAutowireCapableBeanFactory.java:539) ]
DEBUG:Eagerly caching bean 'org.springframework.context.annotation.internalConfigurationAnnotationProcessor' to allow for resolving potential circular references
2019-05-17 15:41:25 下午 [Thread: main][ Class:org.springframework.beans.factory.support.DefaultListableBeanFactory >> Method: org.springframework.beans.factory.support.AbstractAutowireCapableBeanFactory.createBean(AbstractAutowireCapableBeanFactory.java:485) ]
DEBUG:Finished creating instance of bean 'org.springframework.context.annotation.internalConfigurationAnnotationProcessor'
2019-05-17 15:41:25 下午 [Thread: main][ Class:org.springframework.beans.factory.support.DefaultListableBeanFactory >> Method: org.springframework.beans.factory.support.DefaultSingletonBeanRegistry.getSingleton(DefaultSingletonBeanRegistry.java:221) ]
DEBUG:Creating shared instance of singleton bean 'org.springframework.context.annotation.internalAutowiredAnnotationProcessor'
2019-05-17 15:41:25 下午 [Thread: main][ Class:org.springframework.beans.factory.support.DefaultListableBeanFactory >> Method: org.springframework.beans.factory.support.AbstractAutowireCapableBeanFactory.createBean(AbstractAutowireCapableBeanFactory.java:449) ]
DEBUG:Creating instance of bean 'org.springframework.context.annotation.internalAutowiredAnnotationProcessor'
2019-05-17 15:41:25 下午 [Thread: main][ Class:org.springframework.beans.factory.support.DefaultListableBeanFactory >> Method: org.springframework.beans.factory.support.AbstractAutowireCapableBeanFactory.doCreateBean(AbstractAutowireCapableBeanFactory.java:539) ]
DEBUG:Eagerly caching bean 'org.springframework.context.annotation.internalAutowiredAnnotationProcessor' to allow for resolving potential circular references
2019-05-17 15:41:25 下午 [Thread: main][ Class:org.springframework.beans.factory.support.DefaultListableBeanFactory >> Method: org.springframework.beans.factory.support.AbstractAutowireCapableBeanFactory.createBean(AbstractAutowireCapableBeanFactory.java:485) ]
DEBUG:Finished creating instance of bean 'org.springframework.context.annotation.internalAutowiredAnnotationProcessor'
2019-05-17 15:41:25 下午 [Thread: main][ Class:org.springframework.beans.factory.support.DefaultListableBeanFactory >> Method: org.springframework.beans.factory.support.DefaultSingletonBeanRegistry.getSingleton(DefaultSingletonBeanRegistry.java:221) ]
DEBUG:Creating shared instance of singleton bean 'org.springframework.context.annotation.internalRequiredAnnotationProcessor'
2019-05-17 15:41:25 下午 [Thread: main][ Class:org.springframework.beans.factory.support.DefaultListableBeanFactory >> Method: org.springframework.beans.factory.support.AbstractAutowireCapableBeanFactory.createBean(AbstractAutowireCapableBeanFactory.java:449) ]
DEBUG:Creating instance of bean 'org.springframework.context.annotation.internalRequiredAnnotationProcessor'
2019-05-17 15:41:25 下午 [Thread: main][ Class:org.springframework.beans.factory.support.DefaultListableBeanFactory >> Method: org.springframework.beans.factory.support.AbstractAutowireCapableBeanFactory.doCreateBean(AbstractAutowireCapableBeanFactory.java:539) ]
DEBUG:Eagerly caching bean 'org.springframework.context.annotation.internalRequiredAnnotationProcessor' to allow for resolving potential circular references
2019-05-17 15:41:25 下午 [Thread: main][ Class:org.springframework.beans.factory.support.DefaultListableBeanFactory >> Method: org.springframework.beans.factory.support.AbstractAutowireCapableBeanFactory.createBean(AbstractAutowireCapableBeanFactory.java:485) ]
DEBUG:Finished creating instance of bean 'org.springframework.context.annotation.internalRequiredAnnotationProcessor'
2019-05-17 15:41:25 下午 [Thread: main][ Class:org.springframework.beans.factory.support.DefaultListableBeanFactory >> Method: org.springframework.beans.factory.support.DefaultSingletonBeanRegistry.getSingleton(DefaultSingletonBeanRegistry.java:221) ]
DEBUG:Creating shared instance of singleton bean 'org.springframework.context.annotation.internalCommonAnnotationProcessor'
2019-05-17 15:41:25 下午 [Thread: main][ Class:org.springframework.beans.factory.support.DefaultListableBeanFactory >> Method: org.springframework.beans.factory.support.AbstractAutowireCapableBeanFactory.createBean(AbstractAutowireCapableBeanFactory.java:449) ]
DEBUG:Creating instance of bean 'org.springframework.context.annotation.internalCommonAnnotationProcessor'
2019-05-17 15:41:25 下午 [Thread: main][ Class:org.springframework.beans.factory.support.DefaultListableBeanFactory >> Method: org.springframework.beans.factory.support.AbstractAutowireCapableBeanFactory.doCreateBean(AbstractAutowireCapableBeanFactory.java:539) ]
DEBUG:Eagerly caching bean 'org.springframework.context.annotation.internalCommonAnnotationProcessor' to allow for resolving potential circular references
2019-05-17 15:41:25 下午 [Thread: main][ Class:org.springframework.beans.factory.support.DefaultListableBeanFactory >> Method: org.springframework.beans.factory.support.AbstractAutowireCapableBeanFactory.createBean(AbstractAutowireCapableBeanFactory.java:485) ]
DEBUG:Finished creating instance of bean 'org.springframework.context.annotation.internalCommonAnnotationProcessor'
2019-05-17 15:41:25 下午 [Thread: main][ Class:org.springframework.context.support.ClassPathXmlApplicationContext >> Method: org.springframework.context.support.AbstractApplicationContext.initMessageSource(AbstractApplicationContext.java:733) ]
DEBUG:Unable to locate MessageSource with name 'messageSource': using default [org.springframework.context.support.DelegatingMessageSource@1e66f1f5]
2019-05-17 15:41:25 下午 [Thread: main][ Class:org.springframework.context.support.ClassPathXmlApplicationContext >> Method: org.springframework.context.support.AbstractApplicationContext.initApplicationEventMulticaster(AbstractApplicationContext.java:757) ]
DEBUG:Unable to locate ApplicationEventMulticaster with name 'applicationEventMulticaster': using default [org.springframework.context.event.SimpleApplicationEventMulticaster@33c911a1]
2019-05-17 15:41:25 下午 [Thread: main][ Class:org.springframework.beans.factory.support.DefaultListableBeanFactory >> Method: org.springframework.beans.factory.support.DefaultListableBeanFactory.preInstantiateSingletons(DefaultListableBeanFactory.java:730) ]
DEBUG:Pre-instantiating singletons in org.springframework.beans.factory.support.DefaultListableBeanFactory@795cd85e: defining beans [org.springframework.context.annotation.internalConfigurationAnnotationProcessor,org.springframework.context.annotation.internalAutowiredAnnotationProcessor,org.springframework.context.annotation.internalRequiredAnnotationProcessor,org.springframework.context.annotation.internalCommonAnnotationProcessor,org.springframework.context.event.internalEventListenerProcessor,org.springframework.context.event.internalEventListenerFactory,userDoController,userDo,userDoService]; root of factory hierarchy
2019-05-17 15:41:25 下午 [Thread: main][ Class:org.springframework.beans.factory.support.DefaultListableBeanFactory >> Method: org.springframework.beans.factory.support.AbstractBeanFactory.doGetBean(AbstractBeanFactory.java:251) ]
DEBUG:Returning cached instance of singleton bean 'org.springframework.context.annotation.internalConfigurationAnnotationProcessor'
2019-05-17 15:41:25 下午 [Thread: main][ Class:org.springframework.beans.factory.support.DefaultListableBeanFactory >> Method: org.springframework.beans.factory.support.AbstractBeanFactory.doGetBean(AbstractBeanFactory.java:251) ]
DEBUG:Returning cached instance of singleton bean 'org.springframework.context.annotation.internalAutowiredAnnotationProcessor'
2019-05-17 15:41:25 下午 [Thread: main][ Class:org.springframework.beans.factory.support.DefaultListableBeanFactory >> Method: org.springframework.beans.factory.support.AbstractBeanFactory.doGetBean(AbstractBeanFactory.java:251) ]
DEBUG:Returning cached instance of singleton bean 'org.springframework.context.annotation.internalRequiredAnnotationProcessor'
2019-05-17 15:41:25 下午 [Thread: main][ Class:org.springframework.beans.factory.support.DefaultListableBeanFactory >> Method: org.springframework.beans.factory.support.AbstractBeanFactory.doGetBean(AbstractBeanFactory.java:251) ]
DEBUG:Returning cached instance of singleton bean 'org.springframework.context.annotation.internalCommonAnnotationProcessor'
2019-05-17 15:41:25 下午 [Thread: main][ Class:org.springframework.beans.factory.support.DefaultListableBeanFactory >> Method: org.springframework.beans.factory.support.DefaultSingletonBeanRegistry.getSingleton(DefaultSingletonBeanRegistry.java:221) ]
DEBUG:Creating shared instance of singleton bean 'org.springframework.context.event.internalEventListenerProcessor'
2019-05-17 15:41:25 下午 [Thread: main][ Class:org.springframework.beans.factory.support.DefaultListableBeanFactory >> Method: org.springframework.beans.factory.support.AbstractAutowireCapableBeanFactory.createBean(AbstractAutowireCapableBeanFactory.java:449) ]
DEBUG:Creating instance of bean 'org.springframework.context.event.internalEventListenerProcessor'
2019-05-17 15:41:25 下午 [Thread: main][ Class:org.springframework.beans.factory.support.DefaultListableBeanFactory >> Method: org.springframework.beans.factory.support.AbstractAutowireCapableBeanFactory.doCreateBean(AbstractAutowireCapableBeanFactory.java:539) ]
DEBUG:Eagerly caching bean 'org.springframework.context.event.internalEventListenerProcessor' to allow for resolving potential circular references
2019-05-17 15:41:25 下午 [Thread: main][ Class:org.springframework.beans.factory.support.DefaultListableBeanFactory >> Method: org.springframework.beans.factory.support.AbstractAutowireCapableBeanFactory.createBean(AbstractAutowireCapableBeanFactory.java:485) ]
DEBUG:Finished creating instance of bean 'org.springframework.context.event.internalEventListenerProcessor'
2019-05-17 15:41:25 下午 [Thread: main][ Class:org.springframework.beans.factory.support.DefaultListableBeanFactory >> Method: org.springframework.beans.factory.support.DefaultSingletonBeanRegistry.getSingleton(DefaultSingletonBeanRegistry.java:221) ]
DEBUG:Creating shared instance of singleton bean 'org.springframework.context.event.internalEventListenerFactory'
2019-05-17 15:41:25 下午 [Thread: main][ Class:org.springframework.beans.factory.support.DefaultListableBeanFactory >> Method: org.springframework.beans.factory.support.AbstractAutowireCapableBeanFactory.createBean(AbstractAutowireCapableBeanFactory.java:449) ]
DEBUG:Creating instance of bean 'org.springframework.context.event.internalEventListenerFactory'
2019-05-17 15:41:25 下午 [Thread: main][ Class:org.springframework.beans.factory.support.DefaultListableBeanFactory >> Method: org.springframework.beans.factory.support.AbstractAutowireCapableBeanFactory.doCreateBean(AbstractAutowireCapableBeanFactory.java:539) ]
DEBUG:Eagerly caching bean 'org.springframework.context.event.internalEventListenerFactory' to allow for resolving potential circular references
2019-05-17 15:41:25 下午 [Thread: main][ Class:org.springframework.beans.factory.support.DefaultListableBeanFactory >> Method: org.springframework.beans.factory.support.AbstractAutowireCapableBeanFactory.createBean(AbstractAutowireCapableBeanFactory.java:485) ]
DEBUG:Finished creating instance of bean 'org.springframework.context.event.internalEventListenerFactory'
2019-05-17 15:41:25 下午 [Thread: main][ Class:org.springframework.beans.factory.support.DefaultListableBeanFactory >> Method: org.springframework.beans.factory.support.DefaultSingletonBeanRegistry.getSingleton(DefaultSingletonBeanRegistry.java:221) ]
DEBUG:Creating shared instance of singleton bean 'userDoController'
2019-05-17 15:41:25 下午 [Thread: main][ Class:org.springframework.beans.factory.support.DefaultListableBeanFactory >> Method: org.springframework.beans.factory.support.AbstractAutowireCapableBeanFactory.createBean(AbstractAutowireCapableBeanFactory.java:449) ]
DEBUG:Creating instance of bean 'userDoController'
2019-05-17 15:41:25 下午 [Thread: main][ Class:org.springframework.beans.factory.annotation.InjectionMetadata >> Method: org.springframework.beans.factory.annotation.InjectionMetadata.checkConfigMembers(InjectionMetadata.java:72) ]
DEBUG:Registered injected element on class [com.ssm.annotation.UserDoController]: ResourceElement for private com.ssm.annotation.UserDoServiceImpl com.ssm.annotation.UserDoController.userDoService
2019-05-17 15:41:25 下午 [Thread: main][ Class:org.springframework.beans.factory.support.DefaultListableBeanFactory >> Method: org.springframework.beans.factory.support.AbstractAutowireCapableBeanFactory.doCreateBean(AbstractAutowireCapableBeanFactory.java:539) ]
DEBUG:Eagerly caching bean 'userDoController' to allow for resolving potential circular references
2019-05-17 15:41:25 下午 [Thread: main][ Class:org.springframework.beans.factory.annotation.InjectionMetadata >> Method: org.springframework.beans.factory.annotation.InjectionMetadata.inject(InjectionMetadata.java:86) ]
DEBUG:Processing injected element of bean 'userDoController': ResourceElement for private com.ssm.annotation.UserDoServiceImpl com.ssm.annotation.UserDoController.userDoService
2019-05-17 15:41:25 下午 [Thread: main][ Class:org.springframework.beans.factory.support.DefaultListableBeanFactory >> Method: org.springframework.beans.factory.support.DefaultSingletonBeanRegistry.getSingleton(DefaultSingletonBeanRegistry.java:221) ]
DEBUG:Creating shared instance of singleton bean 'userDoService'
2019-05-17 15:41:25 下午 [Thread: main][ Class:org.springframework.beans.factory.support.DefaultListableBeanFactory >> Method: org.springframework.beans.factory.support.AbstractAutowireCapableBeanFactory.createBean(AbstractAutowireCapableBeanFactory.java:449) ]
DEBUG:Creating instance of bean 'userDoService'
2019-05-17 15:41:25 下午 [Thread: main][ Class:org.springframework.beans.factory.annotation.InjectionMetadata >> Method: org.springframework.beans.factory.annotation.InjectionMetadata.checkConfigMembers(InjectionMetadata.java:72) ]
DEBUG:Registered injected element on class [com.ssm.annotation.UserDoServiceImpl]: ResourceElement for private com.ssm.annotation.UserDo com.ssm.annotation.UserDoServiceImpl.userDo
2019-05-17 15:41:25 下午 [Thread: main][ Class:org.springframework.beans.factory.support.DefaultListableBeanFactory >> Method: org.springframework.beans.factory.support.AbstractAutowireCapableBeanFactory.doCreateBean(AbstractAutowireCapableBeanFactory.java:539) ]
DEBUG:Eagerly caching bean 'userDoService' to allow for resolving potential circular references
2019-05-17 15:41:25 下午 [Thread: main][ Class:org.springframework.beans.factory.annotation.InjectionMetadata >> Method: org.springframework.beans.factory.annotation.InjectionMetadata.inject(InjectionMetadata.java:86) ]
DEBUG:Processing injected element of bean 'userDoService': ResourceElement for private com.ssm.annotation.UserDo com.ssm.annotation.UserDoServiceImpl.userDo
2019-05-17 15:41:25 下午 [Thread: main][ Class:org.springframework.beans.factory.support.DefaultListableBeanFactory >> Method: org.springframework.beans.factory.support.DefaultSingletonBeanRegistry.getSingleton(DefaultSingletonBeanRegistry.java:221) ]
DEBUG:Creating shared instance of singleton bean 'userDo'
2019-05-17 15:41:25 下午 [Thread: main][ Class:org.springframework.beans.factory.support.DefaultListableBeanFactory >> Method: org.springframework.beans.factory.support.AbstractAutowireCapableBeanFactory.createBean(AbstractAutowireCapableBeanFactory.java:449) ]
DEBUG:Creating instance of bean 'userDo'
2019-05-17 15:41:25 下午 [Thread: main][ Class:org.springframework.beans.factory.support.DefaultListableBeanFactory >> Method: org.springframework.beans.factory.support.AbstractAutowireCapableBeanFactory.doCreateBean(AbstractAutowireCapableBeanFactory.java:539) ]
DEBUG:Eagerly caching bean 'userDo' to allow for resolving potential circular references
2019-05-17 15:41:25 下午 [Thread: main][ Class:org.springframework.beans.factory.support.DefaultListableBeanFactory >> Method: org.springframework.beans.factory.support.AbstractAutowireCapableBeanFactory.createBean(AbstractAutowireCapableBeanFactory.java:485) ]
DEBUG:Finished creating instance of bean 'userDo'
2019-05-17 15:41:25 下午 [Thread: main][ Class:org.springframework.beans.factory.support.DefaultListableBeanFactory >> Method: org.springframework.beans.factory.support.AbstractAutowireCapableBeanFactory.createBean(AbstractAutowireCapableBeanFactory.java:485) ]
DEBUG:Finished creating instance of bean 'userDoService'
2019-05-17 15:41:25 下午 [Thread: main][ Class:org.springframework.beans.factory.support.DefaultListableBeanFactory >> Method: org.springframework.beans.factory.support.AbstractAutowireCapableBeanFactory.createBean(AbstractAutowireCapableBeanFactory.java:485) ]
DEBUG:Finished creating instance of bean 'userDoController'
2019-05-17 15:41:25 下午 [Thread: main][ Class:org.springframework.beans.factory.support.DefaultListableBeanFactory >> Method: org.springframework.beans.factory.support.AbstractBeanFactory.doGetBean(AbstractBeanFactory.java:251) ]
DEBUG:Returning cached instance of singleton bean 'userDo'
2019-05-17 15:41:25 下午 [Thread: main][ Class:org.springframework.beans.factory.support.DefaultListableBeanFactory >> Method: org.springframework.beans.factory.support.AbstractBeanFactory.doGetBean(AbstractBeanFactory.java:251) ]
DEBUG:Returning cached instance of singleton bean 'userDoService'
2019-05-17 15:41:25 下午 [Thread: main][ Class:org.springframework.beans.factory.support.DefaultListableBeanFactory >> Method: org.springframework.beans.factory.support.AbstractBeanFactory.doGetBean(AbstractBeanFactory.java:251) ]
DEBUG:Returning cached instance of singleton bean 'org.springframework.context.event.internalEventListenerFactory'
2019-05-17 15:41:25 下午 [Thread: main][ Class:org.springframework.context.support.ClassPathXmlApplicationContext >> Method: org.springframework.context.support.AbstractApplicationContext.initLifecycleProcessor(AbstractApplicationContext.java:784) ]
DEBUG:Unable to locate LifecycleProcessor with name 'lifecycleProcessor': using default [org.springframework.context.support.DefaultLifecycleProcessor@484970b0]
2019-05-17 15:41:25 下午 [Thread: main][ Class:org.springframework.beans.factory.support.DefaultListableBeanFactory >> Method: org.springframework.beans.factory.support.AbstractBeanFactory.doGetBean(AbstractBeanFactory.java:251) ]
DEBUG:Returning cached instance of singleton bean 'lifecycleProcessor'
2019-05-17 15:41:25 下午 [Thread: main][ Class:org.springframework.core.env.PropertySourcesPropertyResolver >> Method: org.springframework.core.env.PropertySourcesPropertyResolver.getProperty(PropertySourcesPropertyResolver.java:91) ]
DEBUG:Could not find key 'spring.liveBeansView.mbeanDomain' in any property source
2019-05-17 15:41:25 下午 [Thread: main][ Class:org.springframework.beans.factory.support.DefaultListableBeanFactory >> Method: org.springframework.beans.factory.support.AbstractBeanFactory.doGetBean(AbstractBeanFactory.java:251) ]
DEBUG:Returning cached instance of singleton bean 'userDoController'
